<?xml version="1.0" encoding="UTF-8"?>
<testng-results ignored="0" total="1" passed="1" failed="0" skipped="0">
  <reporter-output>
    <line>
      <![CDATA[No of rows are::11]]>
    </line>
    <line>
      <![CDATA[Username and password valid::dashboard    http://webapp.qedgetech.com/dashboard.php]]>
    </line>
    <line>
      <![CDATA[Incorrect user ID or password    dashboard      http://webapp.qedgetech.com/login.php]]>
    </line>
    <line>
      <![CDATA[Incorrect user ID or password    dashboard      http://webapp.qedgetech.com/login.php]]>
    </line>
    <line>
      <![CDATA[Username and password valid::dashboard    http://webapp.qedgetech.com/dashboard.php]]>
    </line>
    <line>
      <![CDATA[Username and password valid::dashboard    http://webapp.qedgetech.com/dashboard.php]]>
    </line>
    <line>
      <![CDATA[Incorrect user ID or password    dashboard      http://webapp.qedgetech.com/login.php]]>
    </line>
    <line>
      <![CDATA[Username and password valid::dashboard    http://webapp.qedgetech.com/dashboard.php]]>
    </line>
    <line>
      <![CDATA[Username and password valid::dashboard    http://webapp.qedgetech.com/dashboard.php]]>
    </line>
    <line>
      <![CDATA[Incorrect user ID or password    dashboard      http://webapp.qedgetech.com/login.php]]>
    </line>
    <line>
      <![CDATA[Incorrect user ID or password    dashboard      http://webapp.qedgetech.com/login.php]]>
    </line>
    <line>
      <![CDATA[Username and password valid::dashboard    http://webapp.qedgetech.com/dashboard.php]]>
    </line>
  </reporter-output>
  <suite started-at="2024-03-01T18:24:39 IST" name="Surefire suite" finished-at="2024-03-01T18:25:58 IST" duration-ms="79118">
    <groups>
    </groups>
    <test started-at="2024-03-01T18:24:39 IST" name="Surefire test" finished-at="2024-03-01T18:25:58 IST" duration-ms="79118">
      <class name="driverFactory.AppTest">
        <test-method is-config="true" signature="setUp()[pri:0, instance:driverFactory.AppTest@6f46426d]" started-at="2024-03-01T18:24:39 IST" name="setUp" finished-at="2024-03-01T18:24:43 IST" duration-ms="3340" status="PASS">
          <reporter-output>
          </reporter-output>
        </test-method> <!-- setUp -->
        <test-method signature="startTest()[pri:0, instance:driverFactory.AppTest@6f46426d]" started-at="2024-03-01T18:24:43 IST" name="startTest" finished-at="2024-03-01T18:25:58 IST" duration-ms="74823" status="PASS">
          <reporter-output>
            <line>
              <![CDATA[No of rows are::11]]>
            </line>
            <line>
              <![CDATA[Username and password valid::dashboard    http://webapp.qedgetech.com/dashboard.php]]>
            </line>
            <line>
              <![CDATA[Incorrect user ID or password    dashboard      http://webapp.qedgetech.com/login.php]]>
            </line>
            <line>
              <![CDATA[Incorrect user ID or password    dashboard      http://webapp.qedgetech.com/login.php]]>
            </line>
            <line>
              <![CDATA[Username and password valid::dashboard    http://webapp.qedgetech.com/dashboard.php]]>
            </line>
            <line>
              <![CDATA[Username and password valid::dashboard    http://webapp.qedgetech.com/dashboard.php]]>
            </line>
            <line>
              <![CDATA[Incorrect user ID or password    dashboard      http://webapp.qedgetech.com/login.php]]>
            </line>
            <line>
              <![CDATA[Username and password valid::dashboard    http://webapp.qedgetech.com/dashboard.php]]>
            </line>
            <line>
              <![CDATA[Username and password valid::dashboard    http://webapp.qedgetech.com/dashboard.php]]>
            </line>
            <line>
              <![CDATA[Incorrect user ID or password    dashboard      http://webapp.qedgetech.com/login.php]]>
            </line>
            <line>
              <![CDATA[Incorrect user ID or password    dashboard      http://webapp.qedgetech.com/login.php]]>
            </line>
            <line>
              <![CDATA[Username and password valid::dashboard    http://webapp.qedgetech.com/dashboard.php]]>
            </line>
          </reporter-output>
        </test-method> <!-- startTest -->
        <test-method is-config="true" signature="tearDown()[pri:0, instance:driverFactory.AppTest@6f46426d]" started-at="2024-03-01T18:25:58 IST" name="tearDown" finished-at="2024-03-01T18:25:58 IST" duration-ms="727" status="PASS">
          <reporter-output>
          </reporter-output>
        </test-method> <!-- tearDown -->
      </class> <!-- driverFactory.AppTest -->
    </test> <!-- Surefire test -->
  </suite> <!-- Surefire suite -->
</testng-results>
